<?xml version="1.0" encoding="UTF-8"?>
<testsuite name="com.ferreteria.mssales.MsSalesApplicationTests" tests="1" skipped="0" failures="0" errors="0" timestamp="2026-06-22T17:12:11.437Z" hostname="RULZ" time="0.36">
  <properties/>
  <testcase name="contextLoads()" classname="com.ferreteria.mssales.MsSalesApplicationTests" time="0.36"/>
  <system-out><![CDATA[13:12:06.320 [Test worker] INFO org.springframework.test.context.support.AnnotationConfigContextLoaderUtils -- Could not detect default configuration classes for test class [com.ferreteria.mssales.MsSalesApplicationTests]: MsSalesApplicationTests does not declare any static, non-private, non-final, nested classes annotated with @Configuration.
13:12:06.401 [Test worker] INFO org.springframework.boot.test.context.SpringBootTestContextBootstrapper -- Found @SpringBootConfiguration com.ferreteria.mssales.MsSalesApplication for test class com.ferreteria.mssales.MsSalesApplicationTests

  .   ____          _            __ _ _
 /\\ / ___'_ __ _ _(_)_ __  __ _ \ \ \ \
( ( )\___ | '_ | '_| | '_ \/ _` | \ \ \ \
 \\/  ___)| |_)| | | | | || (_| |  ) ) ) )
  '  |____| .__|_| |_|_| |_\__, | / / / /
 =========|_|==============|___/=/_/_/_/

 :: Spring Boot ::                (v3.3.4)

2026-06-22T13:12:06.700-04:00  INFO 18880 --- [ms-sales] [    Test worker] c.f.mssales.MsSalesApplicationTests      : Starting MsSalesApplicationTests using Java 21.0.11 with PID 18880 (started by black in C:\Users\black\Desktop\Proyecto_Ferreteria_3\ferreteria\ms-sales)
2026-06-22T13:12:06.701-04:00  INFO 18880 --- [ms-sales] [    Test worker] c.f.mssales.MsSalesApplicationTests      : No active profile set, falling back to 1 default profile: "default"
2026-06-22T13:12:07.419-04:00  INFO 18880 --- [ms-sales] [    Test worker] .s.d.r.c.RepositoryConfigurationDelegate : Bootstrapping Spring Data JPA repositories in DEFAULT mode.
2026-06-22T13:12:07.459-04:00  INFO 18880 --- [ms-sales] [    Test worker] .s.d.r.c.RepositoryConfigurationDelegate : Finished Spring Data repository scanning in 33 ms. Found 1 JPA repository interface.
2026-06-22T13:12:07.998-04:00  INFO 18880 --- [ms-sales] [    Test worker] com.zaxxer.hikari.HikariDataSource       : HikariPool-1 - Starting...
2026-06-22T13:12:08.163-04:00  INFO 18880 --- [ms-sales] [    Test worker] com.zaxxer.hikari.pool.HikariPool        : HikariPool-1 - Added connection org.postgresql.jdbc.PgConnection@43e3a390
2026-06-22T13:12:08.165-04:00  INFO 18880 --- [ms-sales] [    Test worker] com.zaxxer.hikari.HikariDataSource       : HikariPool-1 - Start completed.
2026-06-22T13:12:08.191-04:00  INFO 18880 --- [ms-sales] [    Test worker] org.flywaydb.core.FlywayExecutor         : Database: jdbc:postgresql://localhost:5432/sales_db (PostgreSQL 16.14)
2026-06-22T13:12:08.236-04:00  INFO 18880 --- [ms-sales] [    Test worker] o.f.core.internal.command.DbValidate     : Successfully validated 1 migration (execution time 00:00.023s)
2026-06-22T13:12:08.262-04:00  INFO 18880 --- [ms-sales] [    Test worker] o.f.core.internal.command.DbMigrate      : Current version of schema "public": 1
2026-06-22T13:12:08.265-04:00  INFO 18880 --- [ms-sales] [    Test worker] o.f.core.internal.command.DbMigrate      : Schema "public" is up to date. No migration necessary.
2026-06-22T13:12:08.374-04:00  INFO 18880 --- [ms-sales] [    Test worker] o.hibernate.jpa.internal.util.LogHelper  : HHH000204: Processing PersistenceUnitInfo [name: default]
2026-06-22T13:12:08.431-04:00  INFO 18880 --- [ms-sales] [    Test worker] org.hibernate.Version                    : HHH000412: Hibernate ORM core version 6.5.3.Final
2026-06-22T13:12:08.463-04:00  INFO 18880 --- [ms-sales] [    Test worker] o.h.c.internal.RegionFactoryInitiator    : HHH000026: Second-level cache disabled
2026-06-22T13:12:08.695-04:00  INFO 18880 --- [ms-sales] [    Test worker] o.s.o.j.p.SpringPersistenceUnitInfo      : No LoadTimeWeaver setup: ignoring JPA class transformer
2026-06-22T13:12:08.734-04:00  WARN 18880 --- [ms-sales] [    Test worker] org.hibernate.orm.deprecation            : HHH90000025: PostgreSQLDialect does not need to be specified explicitly using 'hibernate.dialect' (remove the property setting and it will be selected by default)
2026-06-22T13:12:09.330-04:00  INFO 18880 --- [ms-sales] [    Test worker] o.h.e.t.j.p.i.JtaPlatformInitiator       : HHH000489: No JTA platform available (set 'hibernate.transaction.jta.platform' to enable JTA platform integration)
2026-06-22T13:12:09.365-04:00  INFO 18880 --- [ms-sales] [    Test worker] j.LocalContainerEntityManagerFactoryBean : Initialized JPA EntityManagerFactory for persistence unit 'default'
2026-06-22T13:12:09.871-04:00  INFO 18880 --- [ms-sales] [    Test worker] o.s.d.j.r.query.QueryEnhancerFactory     : Hibernate is in classpath; If applicable, HQL parser will be used.
2026-06-22T13:12:10.892-04:00  WARN 18880 --- [ms-sales] [    Test worker] JpaBaseConfiguration$JpaWebConfiguration : spring.jpa.open-in-view is enabled by default. Therefore, database queries may be performed during view rendering. Explicitly configure spring.jpa.open-in-view to disable this warning
2026-06-22T13:12:11.412-04:00  INFO 18880 --- [ms-sales] [    Test worker] c.f.mssales.MsSalesApplicationTests      : Started MsSalesApplicationTests in 4.891 seconds (process running for 5.746)
]]></system-out>
  <system-err><![CDATA[WARNING: A Java agent has been loaded dynamically (C:\Users\black\.gradle\caches\modules-2\files-2.1\net.bytebuddy\byte-buddy-agent\1.14.19\154da3a65b4f4a909d3e5bdec55d1b2b4cbb6ce1\byte-buddy-agent-1.14.19.jar)
WARNING: If a serviceability tool is in use, please run with -XX:+EnableDynamicAgentLoading to hide this warning
WARNING: If a serviceability tool is not in use, please run with -Djdk.instrument.traceUsage for more information
WARNING: Dynamic loading of agents will be disallowed by default in a future release
]]></system-err>
</testsuite>
